0 info it worked if it ends with ok
1 verbose cli [ '/usr/bin/node', '/usr/bin/npm', 'version', 'patch' ]
2 info using npm@1.4.28
3 info using node@v0.10.36
4 verbose node symlink /usr/bin/node
5 error Error: Git working directory not clean.
5 error M package.json
5 error     at /usr/lib/node_modules/npm/lib/version.js:91:33
5 error     at ChildProcess.exithandler (child_process.js:656:7)
5 error     at ChildProcess.emit (events.js:98:17)
5 error     at maybeClose (child_process.js:766:16)
5 error     at Process.ChildProcess._handle.onexit (child_process.js:833:5)
6 error If you need help, you may report this *entire* log,
6 error including the npm and node versions, at:
6 error     <http://github.com/npm/npm/issues>
7 error System Linux 3.13.0-43-generic
8 error command "/usr/bin/node" "/usr/bin/npm" "version" "patch"
9 error cwd /root/code/node_modules/hubot-tsg
10 error node -v v0.10.36
11 error npm -v 1.4.28
12 verbose exit [ 1, true ]
